make --dry-run --keep-going --print-directory
make: Entering directory '/home/expoilderk/Documentos/42Rio/integration/libft_v2.0'
mkdir -p objs  objs/is  objs/lst  objs/mem  objs/put  objs/str  objs/to  objs/gnl  objs/printf
cc -Wall -Werror -Wextra -I includes -c srcs/is/ft_isalnum.c -o objs/is/ft_isalnum.o
mkdir -p objs  objs/is  objs/lst  objs/mem  objs/put  objs/str  objs/to  objs/gnl  objs/printf
cc -Wall -Werror -Wextra -I includes -c srcs/is/ft_isalpha.c -o objs/is/ft_isalpha.o
mkdir -p objs  objs/is  objs/lst  objs/mem  objs/put  objs/str  objs/to  objs/gnl  objs/printf
cc -Wall -Werror -Wextra -I includes -c srcs/is/ft_isargs.c -o objs/is/ft_isargs.o
mkdir -p objs  objs/is  objs/lst  objs/mem  objs/put  objs/str  objs/to  objs/gnl  objs/printf
cc -Wall -Werror -Wextra -I includes -c srcs/is/ft_isascii.c -o objs/is/ft_isascii.o
mkdir -p objs  objs/is  objs/lst  objs/mem  objs/put  objs/str  objs/to  objs/gnl  objs/printf
cc -Wall -Werror -Wextra -I includes -c srcs/is/ft_isdigit.c -o objs/is/ft_isdigit.o
mkdir -p objs  objs/is  objs/lst  objs/mem  objs/put  objs/str  objs/to  objs/gnl  objs/printf
cc -Wall -Werror -Wextra -I includes -c srcs/is/ft_isprint.c -o objs/is/ft_isprint.o
mkdir -p objs  objs/is  objs/lst  objs/mem  objs/put  objs/str  objs/to  objs/gnl  objs/printf
cc -Wall -Werror -Wextra -I includes -c srcs/lst/ft_lstadd_back.c -o objs/lst/ft_lstadd_back.o
mkdir -p objs  objs/is  objs/lst  objs/mem  objs/put  objs/str  objs/to  objs/gnl  objs/printf
cc -Wall -Werror -Wextra -I includes -c srcs/lst/ft_lstadd_front.c -o objs/lst/ft_lstadd_front.o
mkdir -p objs  objs/is  objs/lst  objs/mem  objs/put  objs/str  objs/to  objs/gnl  objs/printf
cc -Wall -Werror -Wextra -I includes -c srcs/lst/ft_lstclear.c -o objs/lst/ft_lstclear.o
mkdir -p objs  objs/is  objs/lst  objs/mem  objs/put  objs/str  objs/to  objs/gnl  objs/printf
cc -Wall -Werror -Wextra -I includes -c srcs/lst/ft_lstdelone.c -o objs/lst/ft_lstdelone.o
mkdir -p objs  objs/is  objs/lst  objs/mem  objs/put  objs/str  objs/to  objs/gnl  objs/printf
cc -Wall -Werror -Wextra -I includes -c srcs/lst/ft_lstiter.c -o objs/lst/ft_lstiter.o
mkdir -p objs  objs/is  objs/lst  objs/mem  objs/put  objs/str  objs/to  objs/gnl  objs/printf
cc -Wall -Werror -Wextra -I includes -c srcs/lst/ft_lstlast.c -o objs/lst/ft_lstlast.o
mkdir -p objs  objs/is  objs/lst  objs/mem  objs/put  objs/str  objs/to  objs/gnl  objs/printf
cc -Wall -Werror -Wextra -I includes -c srcs/lst/ft_lstmap.c -o objs/lst/ft_lstmap.o
mkdir -p objs  objs/is  objs/lst  objs/mem  objs/put  objs/str  objs/to  objs/gnl  objs/printf
cc -Wall -Werror -Wextra -I includes -c srcs/lst/ft_lstnew.c -o objs/lst/ft_lstnew.o
mkdir -p objs  objs/is  objs/lst  objs/mem  objs/put  objs/str  objs/to  objs/gnl  objs/printf
cc -Wall -Werror -Wextra -I includes -c srcs/lst/ft_lstsize.c -o objs/lst/ft_lstsize.o
mkdir -p objs  objs/is  objs/lst  objs/mem  objs/put  objs/str  objs/to  objs/gnl  objs/printf
cc -Wall -Werror -Wextra -I includes -c srcs/mem/ft_bzero.c -o objs/mem/ft_bzero.o
mkdir -p objs  objs/is  objs/lst  objs/mem  objs/put  objs/str  objs/to  objs/gnl  objs/printf
cc -Wall -Werror -Wextra -I includes -c srcs/mem/ft_calloc.c -o objs/mem/ft_calloc.o
mkdir -p objs  objs/is  objs/lst  objs/mem  objs/put  objs/str  objs/to  objs/gnl  objs/printf
cc -Wall -Werror -Wextra -I includes -c srcs/mem/ft_memchr.c -o objs/mem/ft_memchr.o
mkdir -p objs  objs/is  objs/lst  objs/mem  objs/put  objs/str  objs/to  objs/gnl  objs/printf
cc -Wall -Werror -Wextra -I includes -c srcs/mem/ft_memcmp.c -o objs/mem/ft_memcmp.o
mkdir -p objs  objs/is  objs/lst  objs/mem  objs/put  objs/str  objs/to  objs/gnl  objs/printf
cc -Wall -Werror -Wextra -I includes -c srcs/mem/ft_memcpy.c -o objs/mem/ft_memcpy.o
mkdir -p objs  objs/is  objs/lst  objs/mem  objs/put  objs/str  objs/to  objs/gnl  objs/printf
cc -Wall -Werror -Wextra -I includes -c srcs/mem/ft_memmove.c -o objs/mem/ft_memmove.o
mkdir -p objs  objs/is  objs/lst  objs/mem  objs/put  objs/str  objs/to  objs/gnl  objs/printf
cc -Wall -Werror -Wextra -I includes -c srcs/mem/ft_memset.c -o objs/mem/ft_memset.o
mkdir -p objs  objs/is  objs/lst  objs/mem  objs/put  objs/str  objs/to  objs/gnl  objs/printf
cc -Wall -Werror -Wextra -I includes -c srcs/put/ft_nbrlen_i.c -o objs/put/ft_nbrlen_i.o
mkdir -p objs  objs/is  objs/lst  objs/mem  objs/put  objs/str  objs/to  objs/gnl  objs/printf
cc -Wall -Werror -Wextra -I includes -c srcs/put/ft_nbrlen_ll.c -o objs/put/ft_nbrlen_ll.o
mkdir -p objs  objs/is  objs/lst  objs/mem  objs/put  objs/str  objs/to  objs/gnl  objs/printf
cc -Wall -Werror -Wextra -I includes -c srcs/put/ft_putchar_fd.c -o objs/put/ft_putchar_fd.o
mkdir -p objs  objs/is  objs/lst  objs/mem  objs/put  objs/str  objs/to  objs/gnl  objs/printf
cc -Wall -Werror -Wextra -I includes -c srcs/put/ft_putendl_fd.c -o objs/put/ft_putendl_fd.o
mkdir -p objs  objs/is  objs/lst  objs/mem  objs/put  objs/str  objs/to  objs/gnl  objs/printf
cc -Wall -Werror -Wextra -I includes -c srcs/put/ft_putnbr_fd.c -o objs/put/ft_putnbr_fd.o
mkdir -p objs  objs/is  objs/lst  objs/mem  objs/put  objs/str  objs/to  objs/gnl  objs/printf
cc -Wall -Werror -Wextra -I includes -c srcs/put/ft_putstr_fd.c -o objs/put/ft_putstr_fd.o
mkdir -p objs  objs/is  objs/lst  objs/mem  objs/put  objs/str  objs/to  objs/gnl  objs/printf
cc -Wall -Werror -Wextra -I includes -c srcs/str/ft_split.c -o objs/str/ft_split.o
mkdir -p objs  objs/is  objs/lst  objs/mem  objs/put  objs/str  objs/to  objs/gnl  objs/printf
cc -Wall -Werror -Wextra -I includes -c srcs/str/ft_strchr.c -o objs/str/ft_strchr.o
mkdir -p objs  objs/is  objs/lst  objs/mem  objs/put  objs/str  objs/to  objs/gnl  objs/printf
cc -Wall -Werror -Wextra -I includes -c srcs/str/ft_strdup.c -o objs/str/ft_strdup.o
mkdir -p objs  objs/is  objs/lst  objs/mem  objs/put  objs/str  objs/to  objs/gnl  objs/printf
cc -Wall -Werror -Wextra -I includes -c srcs/str/ft_striteri.c -o objs/str/ft_striteri.o
mkdir -p objs  objs/is  objs/lst  objs/mem  objs/put  objs/str  objs/to  objs/gnl  objs/printf
cc -Wall -Werror -Wextra -I includes -c srcs/str/ft_strjoin.c -o objs/str/ft_strjoin.o
mkdir -p objs  objs/is  objs/lst  objs/mem  objs/put  objs/str  objs/to  objs/gnl  objs/printf
cc -Wall -Werror -Wextra -I includes -c srcs/str/ft_strlcat.c -o objs/str/ft_strlcat.o
mkdir -p objs  objs/is  objs/lst  objs/mem  objs/put  objs/str  objs/to  objs/gnl  objs/printf
cc -Wall -Werror -Wextra -I includes -c srcs/str/ft_strlcpy.c -o objs/str/ft_strlcpy.o
mkdir -p objs  objs/is  objs/lst  objs/mem  objs/put  objs/str  objs/to  objs/gnl  objs/printf
cc -Wall -Werror -Wextra -I includes -c srcs/str/ft_strlen.c -o objs/str/ft_strlen.o
mkdir -p objs  objs/is  objs/lst  objs/mem  objs/put  objs/str  objs/to  objs/gnl  objs/printf
cc -Wall -Werror -Wextra -I includes -c srcs/str/ft_strmapi.c -o objs/str/ft_strmapi.o
mkdir -p objs  objs/is  objs/lst  objs/mem  objs/put  objs/str  objs/to  objs/gnl  objs/printf
cc -Wall -Werror -Wextra -I includes -c srcs/str/ft_strncmp.c -o objs/str/ft_strncmp.o
mkdir -p objs  objs/is  objs/lst  objs/mem  objs/put  objs/str  objs/to  objs/gnl  objs/printf
cc -Wall -Werror -Wextra -I includes -c srcs/str/ft_strnstr.c -o objs/str/ft_strnstr.o
mkdir -p objs  objs/is  objs/lst  objs/mem  objs/put  objs/str  objs/to  objs/gnl  objs/printf
cc -Wall -Werror -Wextra -I includes -c srcs/str/ft_strrchr.c -o objs/str/ft_strrchr.o
mkdir -p objs  objs/is  objs/lst  objs/mem  objs/put  objs/str  objs/to  objs/gnl  objs/printf
cc -Wall -Werror -Wextra -I includes -c srcs/str/ft_strtrim.c -o objs/str/ft_strtrim.o
mkdir -p objs  objs/is  objs/lst  objs/mem  objs/put  objs/str  objs/to  objs/gnl  objs/printf
cc -Wall -Werror -Wextra -I includes -c srcs/str/ft_substr.c -o objs/str/ft_substr.o
mkdir -p objs  objs/is  objs/lst  objs/mem  objs/put  objs/str  objs/to  objs/gnl  objs/printf
cc -Wall -Werror -Wextra -I includes -c srcs/to/ft_atoi.c -o objs/to/ft_atoi.o
mkdir -p objs  objs/is  objs/lst  objs/mem  objs/put  objs/str  objs/to  objs/gnl  objs/printf
cc -Wall -Werror -Wextra -I includes -c srcs/to/ft_itoa.c -o objs/to/ft_itoa.o
mkdir -p objs  objs/is  objs/lst  objs/mem  objs/put  objs/str  objs/to  objs/gnl  objs/printf
cc -Wall -Werror -Wextra -I includes -c srcs/to/ft_itoa_hexa.c -o objs/to/ft_itoa_hexa.o
mkdir -p objs  objs/is  objs/lst  objs/mem  objs/put  objs/str  objs/to  objs/gnl  objs/printf
cc -Wall -Werror -Wextra -I includes -c srcs/to/ft_tolower.c -o objs/to/ft_tolower.o
mkdir -p objs  objs/is  objs/lst  objs/mem  objs/put  objs/str  objs/to  objs/gnl  objs/printf
cc -Wall -Werror -Wextra -I includes -c srcs/to/ft_toupper.c -o objs/to/ft_toupper.o
mkdir -p objs  objs/is  objs/lst  objs/mem  objs/put  objs/str  objs/to  objs/gnl  objs/printf
cc -Wall -Werror -Wextra -I includes -c srcs/gnl/get_next_line.c -o objs/gnl/get_next_line.o
mkdir -p objs  objs/is  objs/lst  objs/mem  objs/put  objs/str  objs/to  objs/gnl  objs/printf
cc -Wall -Werror -Wextra -I includes -c srcs/gnl/get_next_line_utils.c -o objs/gnl/get_next_line_utils.o
mkdir -p objs  objs/is  objs/lst  objs/mem  objs/put  objs/str  objs/to  objs/gnl  objs/printf
cc -Wall -Werror -Wextra -I includes -c srcs/printf/ft_printf.c -o objs/printf/ft_printf.o
mkdir -p objs  objs/is  objs/lst  objs/mem  objs/put  objs/str  objs/to  objs/gnl  objs/printf
cc -Wall -Werror -Wextra -I includes -c srcs/printf/print_char.c -o objs/printf/print_char.o
mkdir -p objs  objs/is  objs/lst  objs/mem  objs/put  objs/str  objs/to  objs/gnl  objs/printf
cc -Wall -Werror -Wextra -I includes -c srcs/printf/print_hexa.c -o objs/printf/print_hexa.o
mkdir -p objs  objs/is  objs/lst  objs/mem  objs/put  objs/str  objs/to  objs/gnl  objs/printf
cc -Wall -Werror -Wextra -I includes -c srcs/printf/print_nbr.c -o objs/printf/print_nbr.o
mkdir -p objs  objs/is  objs/lst  objs/mem  objs/put  objs/str  objs/to  objs/gnl  objs/printf
cc -Wall -Werror -Wextra -I includes -c srcs/printf/print_pointer.c -o objs/printf/print_pointer.o
mkdir -p objs  objs/is  objs/lst  objs/mem  objs/put  objs/str  objs/to  objs/gnl  objs/printf
cc -Wall -Werror -Wextra -I includes -c srcs/printf/print_str.c -o objs/printf/print_str.o
mkdir -p objs  objs/is  objs/lst  objs/mem  objs/put  objs/str  objs/to  objs/gnl  objs/printf
cc -Wall -Werror -Wextra -I includes -c srcs/printf/print_ui.c -o objs/printf/print_ui.o
mkdir -p objs  objs/is  objs/lst  objs/mem  objs/put  objs/str  objs/to  objs/gnl  objs/printf
cc -Wall -Werror -Wextra -I includes -c srcs/printf/scan_args.c -o objs/printf/scan_args.o
ar -rcs libft.a   objs/is/ft_isalnum.o  objs/is/ft_isalpha.o  objs/is/ft_isargs.o  objs/is/ft_isascii.o  objs/is/ft_isdigit.o  objs/is/ft_isprint.o  objs/lst/ft_lstadd_back.o  objs/lst/ft_lstadd_front.o  objs/lst/ft_lstclear.o  objs/lst/ft_lstdelone.o  objs/lst/ft_lstiter.o  objs/lst/ft_lstlast.o  objs/lst/ft_lstmap.o  objs/lst/ft_lstnew.o  objs/lst/ft_lstsize.o  objs/mem/ft_bzero.o  objs/mem/ft_calloc.o  objs/mem/ft_memchr.o  objs/mem/ft_memcmp.o  objs/mem/ft_memcpy.o  objs/mem/ft_memmove.o  objs/mem/ft_memset.o  objs/put/ft_nbrlen_i.o  objs/put/ft_nbrlen_ll.o  objs/put/ft_putchar_fd.o  objs/put/ft_putendl_fd.o  objs/put/ft_putnbr_fd.o  objs/put/ft_putstr_fd.o  objs/str/ft_split.o  objs/str/ft_strchr.o  objs/str/ft_strdup.o  objs/str/ft_striteri.o  objs/str/ft_strjoin.o  objs/str/ft_strlcat.o  objs/str/ft_strlcpy.o  objs/str/ft_strlen.o  objs/str/ft_strmapi.o  objs/str/ft_strncmp.o  objs/str/ft_strnstr.o  objs/str/ft_strrchr.o  objs/str/ft_strtrim.o  objs/str/ft_substr.o  objs/to/ft_atoi.o  objs/to/ft_itoa.o  objs/to/ft_itoa_hexa.o  objs/to/ft_tolower.o  objs/to/ft_toupper.o  objs/gnl/get_next_line.o  objs/gnl/get_next_line_utils.o  objs/printf/ft_printf.o  objs/printf/print_char.o  objs/printf/print_hexa.o  objs/printf/print_nbr.o  objs/printf/print_pointer.o  objs/printf/print_str.o  objs/printf/print_ui.o  objs/printf/scan_args.o
make: Leaving directory '/home/expoilderk/Documentos/42Rio/integration/libft_v2.0'
 
